make all --print-data-base --no-builtin-variables --no-builtin-rules --question
make: *** No rule to make target 'all'.  Stop.

# GNU Make 4.2.1
# Built for x86_64-pc-linux-gnu
# Copyright (C) 1988-2016 Free Software Foundation, Inc.
# License GPLv3+: GNU GPL version 3 or later <http://gnu.org/licenses/gpl.html>
# This is free software: you are free to change and redistribute it.
# There is NO WARRANTY, to the extent permitted by law.

<<<<<<< HEAD
# Make data base, printed on Fri Sep  9 11:48:48 2022
=======
# Make data base, printed on Fri Dec 30 17:26:24 2022
>>>>>>> parent of d8dc66ae... for merge

# Variables

# automatic
<D = $(patsubst %/,%,$(dir $<))
# automatic
?F = $(notdir $?)
# environment
WSLENV = VSCODE_WSL_EXT_LOCATION/up
# default
.SHELLFLAGS := -c
# environment
NVM_INC = /home/themagicnacho/.nvm/versions/node/v18.2.0/include/node
# automatic
?D = $(patsubst %/,%,$(dir $?))
# automatic
@D = $(patsubst %/,%,$(dir $@))
# automatic
@F = $(notdir $@)
# makefile
CURDIR := /home/themagicnacho/dead-drop
# makefile (from 'Makefile', line 1)
SHELL := /bin/bash
# environment
VSCODE_NLS_CONFIG = {"locale":"en","availableLanguages":{}}
# environment
_ = /home/themagicnacho/.vscode-server/bin/784b0177c56c607789f9638da7b6bf3230d47a8c/node
# makefile (from 'Makefile', line 1)
MAKEFILE_LIST :=  Makefile
# 'override' directive
GNUMAKEFLAGS := 
# environment
XDG_DATA_DIRS = /usr/local/share:/usr/share:/var/lib/snapd/desktop
# environment
VSCODE_CWD = /mnt/c/Users/TheMagicNacho/AppData/Local/Programs/Microsoft VS Code
# default
MAKE_HOST := x86_64-pc-linux-gnu
# environment
PATH = /home/themagicnacho/.vscode-server/bin/784b0177c56c607789f9638da7b6bf3230d47a8c/bin/remote-cli:/home/themagicnacho/.nvm/versions/node/v18.2.0/bin:/usr/local/sbin:/usr/local/bin:/usr/sbin:/usr/bin:/sbin:/bin:/usr/games:/usr/local/games:/usr/lib/wsl/lib:/mnt/c/WINDOWS/system32:/mnt/c/WINDOWS:/mnt/c/WINDOWS/System32/Wbem:/mnt/c/WINDOWS/System32/WindowsPowerShell/v1.0/:/mnt/c/WINDOWS/System32/OpenSSH/:/mnt/c/Program Files/Docker/Docker/resources/bin:/mnt/c/ProgramData/DockerDesktop/version-bin:/mnt/c/Program Files (x86)/NVIDIA Corporation/PhysX/Common:/mnt/c/Users/TheMagicNacho/AppData/Roaming/nvm:/mnt/c/Program Files/nodejs:/mnt/c/Program Files/Git/cmd:/mnt/c/Program Files (x86)/dotnet-core-uninstall/:/mnt/c/Program Files/dotnet/:/mnt/c/Program Files/GitHub CLI/:/mnt/c/Users/TheMagicNacho/AppData/Local/Microsoft/WindowsApps:/mnt/c/Users/TheMagicNacho/AppData/Local/GitHubDesktop/bin:/mnt/c/Users/TheMagicNacho/AppData/Local/Programs/Microsoft VS Code/bin:/mnt/c/Users/TheMagicNacho/AppData/Roaming/nvm:/mnt/c/Program Files/nodejs:/mnt/c/Users/TheMagicNacho/.dotnet/tools:/mnt/c/Users/TheMagicNacho/AppData/Local/Programs/oh-my-posh/bin:/snap/bin:/usr/local/go/bin
# environment
XDG_RUNTIME_DIR = /mnt/wslg/runtime-dir
# environment
NVM_BIN = /home/themagicnacho/.nvm/versions/node/v18.2.0/bin
# environment
LaunchInstanceID = B7971317-B652-4C34-B9CD-BA7173ABFE77
# environment
ELECTRON_RUN_AS_NODE = 1
# environment
<<<<<<< HEAD
VSCODE_IPC_HOOK_CLI = /mnt/wslg/runtime-dir/vscode-ipc-65dac71c-dcd5-4f76-87c0-5cdebbc34bc7.sock
# default
.FEATURES := target-specific order-only second-expansion else-if shortest-stem undefine oneshell archives jobserver output-sync check-symlink load
=======
SSH_AUTH_SOCK = /private/tmp/com.apple.launchd.jf22jFHt1j/Listeners
>>>>>>> parent of d8dc66ae... for merge
# automatic
%F = $(notdir $%)
# environment
DISPLAY = :0
# environment
PWD = /home/themagicnacho/dead-drop
# default
.LOADED := 
# environment
WSL_INTEROP = /run/WSL/18460_interop
# environment
PULSE_SERVER = /mnt/wslg/PulseServer
# environment
VSCODE_AMD_ENTRYPOINT = vs/workbench/api/node/extensionHostProcess
# environment
HOME = /home/themagicnacho
# environment
<<<<<<< HEAD
POWERLINE_COMMAND = oh-my-posh
=======
VSCODE_CODE_CACHE_PATH = /Users/sara2in/Library/Application Support/Code/CachedData/6261075646f055b99068d3688932416f2346dd3b
>>>>>>> parent of d8dc66ae... for merge
# environment
LOGNAME = themagicnacho
# environment
APPLICATION_INSIGHTS_NO_DIAGNOSTIC_CHANNEL = 1
# environment
CONDA_PROMPT_MODIFIER = false
# environment
NVM_CD_FLAGS = 
# environment
VSCODE_HANDLES_UNCAUGHT_ERRORS = true
# automatic
^D = $(patsubst %/,%,$(dir $^))
# environment
MAKELEVEL := 0
# default
MAKE = $(MAKE_COMMAND)
# default
MAKECMDGOALS := all
# environment
SHLVL = 1
# environment
POSH_THEME = /mnt/c/Users/TheMagicNacho/AppData/Local/oh-my-posh/themes/amro.omp.json
# default
MAKE_VERSION := 4.2.1
# environment
USER = themagicnacho
# makefile
.DEFAULT_GOAL := setup-initial
# environment
NAME = Windows
# automatic
%D = $(patsubst %/,%,$(dir $%))
# environment
VSCODE_WSL_EXT_LOCATION = /mnt/c/Users/TheMagicNacho/.vscode/extensions/ms-vscode-remote.remote-wsl-0.66.3
# default
MAKE_COMMAND := make
# default
.VARIABLES := 
# automatic
*F = $(notdir $*)
<<<<<<< HEAD
=======
# environment
VSCODE_IPC_HOOK = /Users/sara2in/Library/Application Support/Code/1.73.1-main.sock
# environment
MallocNanoZone = 0
>>>>>>> parent of d8dc66ae... for merge
# makefile
MAKEFLAGS = pqrR
# environment
MFLAGS = -pqrR
# automatic
*D = $(patsubst %/,%,$(dir $*))
# environment
<<<<<<< HEAD
NVM_DIR = /home/themagicnacho/.nvm
=======
NVM_DIR = /Users/sara2in/.nvm
# environment
XPC_SERVICE_NAME = application.com.microsoft.VSCode.42658847.42658854
>>>>>>> parent of d8dc66ae... for merge
# automatic
+D = $(patsubst %/,%,$(dir $+))
# automatic
+F = $(notdir $+)
# environment
VSCODE_HANDLES_SIGPIPE = true
# default
MAKEFILES := 
# automatic
<F = $(notdir $<)
# environment
LC_ALL = C
# environment
<<<<<<< HEAD
HOSTTYPE = x86_64
=======
SECURITYSESSIONID = 186a8
>>>>>>> parent of d8dc66ae... for merge
# automatic
^F = $(notdir $^)
# default
SUFFIXES := 
# environment
WAYLAND_DISPLAY = wayland-0
# default
.INCLUDE_DIRS = /usr/include /usr/local/include /usr/include
# default
.RECIPEPREFIX := 
# environment
LANG = C
# environment
<<<<<<< HEAD
TERM = xterm-256color
# environment
WSL_DISTRO_NAME = Ubuntu
# variable set hash-table stats:
# Load=71/1024=7%, Rehash=0, Collisions=4/97=4%
=======
VSCODE_PID = 490
# variable set hash-table stats:
# Load=65/1024=6%, Rehash=0, Collisions=1/90=1%
>>>>>>> parent of d8dc66ae... for merge

# Pattern-specific Variable Values

# No pattern-specific variable values.

# Directories

<<<<<<< HEAD
# . (device 2080, inode 1516024): 13 files, no impossibilities.
=======
# . (device 16777221, inode 46706718): 13 files, no impossibilities.
>>>>>>> parent of d8dc66ae... for merge

# 13 files, no impossibilities in 1 directories.

# Implicit Rules

# No implicit rules.

# Files

amends:
#  Implicit rule search has not been done.
#  Modification time never checked.
#  File has not been updated.
#  recipe to execute (from 'Makefile', line 23):
	@git add -A && git commit --amend --no-edit --no-verify && git push -fu

client-dep:
#  Implicit rule search has not been done.
#  Modification time never checked.
#  File has not been updated.
#  recipe to execute (from 'Makefile', line 7):
	@cd DeadDrop.ui && yarn install

# Not a target:
all:
#  Command line target.
#  Implicit rule search has been done.
#  File does not exist.
#  File has not been updated.

up:
#  Implicit rule search has not been done.
#  Modification time never checked.
#  File has not been updated.
#  recipe to execute (from 'Makefile', line 20):
	@docker-compose --file docker-compose.yaml up -d --build

server-dep:
#  Implicit rule search has not been done.
#  Modification time never checked.
#  File has not been updated.
#  recipe to execute (from 'Makefile', line 10):
	@cd DeadDrop.api && yarn install

# Not a target:
Makefile:
#  Implicit rule search has been done.
<<<<<<< HEAD
#  Last modified 2022-09-09 11:43:47.67648985
=======
 
#  Last modified 2022-12-30 11:42:26
>>>>>>> parent of d8dc66ae... for merge
#  File has been updated.
#  Successfully updated.

setup-initial: client-dep server-dep
#  Implicit rule search has not been done.
#  Modification time never checked.
#  File has not been updated.

help:
#  Implicit rule search has not been done.
#  Modification time never checked.
#  File has not been updated.
#  recipe to execute (from 'Makefile', line 26):
	@grep -h -E '^[a-zA-Z0-9_-]+:.*?## .*$$' $(MAKEFILE_LIST) | awk 'BEGIN {FS = ":.*?## "}; {printf "\033[36m%-30s\033[0m %s\n", $$1, $$2}'

# Not a target:
.DEFAULT:
#  Implicit rule search has not been done.
#  Modification time never checked.
#  File has not been updated.

logs:
#  Implicit rule search has not been done.
#  Modification time never checked.
#  File has not been updated.
#  recipe to execute (from 'Makefile', line 16):
	@docker logs -f shepherd_server

# files hash-table stats:
# Load=11/1024=1%, Rehash=0, Collisions=0/25=0%
# VPATH Search Paths

# No 'vpath' search paths.

# No general ('VPATH' variable) search path.

# strcache buffers: 1 (0) / strings = 25 / storage = 236 B / avg = 9 B
# current buf: size = 8162 B / used = 236 B / count = 25 / avg = 9 B

<<<<<<< HEAD
# strcache performance: lookups = 38 / hit rate = 34%
# hash-table stats:
# Load=25/8192=0%, Rehash=0, Collisions=1/38=3%
# Finished Make data base on Fri Sep  9 11:48:48 2022
=======
# Finished Make data base on Fri Dec 30 17:26:24 2022
>>>>>>> parent of d8dc66ae... for merge

 
